2025-02-18 17:39:19 DEBUG:busco.run_BUSCO	Command line: /home/pabloati/Documents/oscars/pipeline/.snakemake/conda/33b5771b5fc27127d748f3e03bb50ad5_/bin/busco -i test/data/GRCh38.primary_assembly.chr22.fa -o evidence_annot/ab_initio/busco -l eutheria_odb10 -m genome --augustus -c 5 --download_path test/busco_downloads
2025-02-18 17:39:19 INFO:busco.run_BUSCO	***** Start a BUSCO v5.8.2 analysis, current time: 02/18/2025 17:39:19 *****
2025-02-18 17:39:19 DEBUG:busco.ConfigManager	Getting config file
2025-02-18 17:39:19 INFO:busco.ConfigManager	Configuring BUSCO with local environment
2025-02-18 17:39:19 INFO:busco.BuscoConfig	Running genome mode
2025-02-18 17:39:19 INFO:busco.BuscoDownloadManager	Downloading information on latest versions of BUSCO data...
2025-02-18 17:39:22 DEBUG:busco.BuscoConfig	State of BUSCO config before run:
2025-02-18 17:39:22 DEBUG:busco.BuscoConfig	{'_allow_no_value': False,
 '_comment_prefixes': ('#', ';'),
 '_converters': <configparser.ConverterMapping object at 0x7740dc681a30>,
 '_defaults': {},
 '_delimiters': ('=', ':'),
 '_dict': <class 'dict'>,
 '_empty_lines_in_values': True,
 '_inline_comment_prefixes': (),
 '_input_filepath': 'test/data/GRCh38.primary_assembly.chr22.fa',
 '_interpolation': <configparser.BasicInterpolation object at 0x77410d550340>,
 '_mode': 'genome',
 '_optcre': re.compile('\n        (?P<option>.*?)                    # very permissive!\n        \\s*(?P<vi>=|:)\\s*              # any number of space/tab,\n                                           # followed by any of t, re.VERBOSE),
 '_proxies': {'DEFAULT': <Section: DEFAULT>,
              'augustus': <Section: augustus>,
              'bbtools': <Section: bbtools>,
              'busco_run': <Section: busco_run>,
              'etraining': <Section: etraining>,
              'gff2gbSmallDNA.pl': <Section: gff2gbSmallDNA.pl>,
              'hmmsearch': <Section: hmmsearch>,
              'makeblastdb': <Section: makeblastdb>,
              'metaeuk': <Section: metaeuk>,
              'miniprot': <Section: miniprot>,
              'new_species.pl': <Section: new_species.pl>,
              'optimize_augustus.pl': <Section: optimize_augustus.pl>,
              'prodigal': <Section: prodigal>,
              'sepp': <Section: sepp>,
              'tblastn': <Section: tblastn>},
 '_sections': {'augustus': {'command': '', 'path': ''},
               'bbtools': {'command': '', 'path': ''},
               'busco_run': {'auto-lineage': 'False',
                             'auto-lineage-euk': 'False',
                             'auto-lineage-prok': 'False',
                             'batch_mode': 'False',
                             'cpu': '5',
                             'datasets_version': 'odb10',
                             'download_base_url': 'https://busco-data.ezlab.org/v5/data/',
                             'download_path': '/home/pabloati/Documents/oscars/pipeline/test/busco_downloads',
                             'force': 'False',
                             'in': '/home/pabloati/Documents/oscars/pipeline/test/data/GRCh38.primary_assembly.chr22.fa',
                             'lineage_dataset': 'eutheria_odb10',
                             'main_out': 'evidence_annot/ab_initio/busco',
                             'mode': 'genome',
                             'offline': 'False',
                             'opt-out-run-stats': 'False',
                             'out': 'evidence_annot/ab_initio/busco',
                             'out_path': '/home/pabloati/Documents/oscars/pipeline',
                             'quiet': 'False',
                             'restart': 'False',
                             'skip_bbtools': 'False',
                             'tar': 'False',
                             'use_augustus': 'True',
                             'use_metaeuk': 'False',
                             'use_miniprot': 'False'},
               'etraining': {'command': '', 'path': ''},
               'gff2gbSmallDNA.pl': {'command': '', 'path': ''},
               'hmmsearch': {'command': '', 'path': ''},
               'makeblastdb': {'command': '', 'path': ''},
               'metaeuk': {'command': '', 'path': ''},
               'miniprot': {'command': '', 'path': ''},
               'new_species.pl': {'command': '', 'path': ''},
               'optimize_augustus.pl': {'command': '', 'path': ''},
               'prodigal': {'command': '', 'path': ''},
               'sepp': {'command': '', 'path': ''},
               'tblastn': {'command': '', 'path': ''}},
 '_strict': True,
 'conf_file': 'local environment',
 'default_section': 'DEFAULT',
 'downloader': <busco.BuscoDownloadManager.BuscoDownloadManager object at 0x77410d69cf70>,
 'main_out': 'evidence_annot/ab_initio/busco',
 'params': {'augustus_parameters': None,
            'augustus_species': None,
            'auto-lineage': False,
            'auto-lineage-euk': False,
            'auto-lineage-prok': False,
            'config_file': None,
            'contig_break': None,
            'cpu': 5,
            'datasets_version': None,
            'download': '==SUPPRESS==',
            'download_base_url': None,
            'download_path': 'test/busco_downloads',
            'evalue': None,
            'force': False,
            'help': '==SUPPRESS==',
            'in': 'test/data/GRCh38.primary_assembly.chr22.fa',
            'limit': None,
            'lineage_dataset': 'eutheria_odb10',
            'list_datasets': '==SUPPRESS==',
            'long': False,
            'metaeuk_parameters': None,
            'metaeuk_rerun_parameters': None,
            'mode': 'genome',
            'offline': False,
            'opt-out-run-stats': False,
            'out': 'evidence_annot/ab_initio/busco',
            'out_path': None,
            'quiet': False,
            'restart': False,
            'scaffold_composition': False,
            'skip_bbtools': False,
            'tar': False,
            'use_augustus': True,
            'use_metaeuk': False,
            'use_miniprot': False,
            'version': '==SUPPRESS=='},
 'run_stats': {'cpu': 5,
               'download_path': 'user-specified',
               'input_file_size': 51665453,
               'lineage_dataset': ['eutheria_odb10'],
               'mode': 'genome',
               'use_augustus': True}}
2025-02-18 17:39:22 INFO:busco.BuscoRunner	Input file is /home/pabloati/Documents/oscars/pipeline/test/data/GRCh38.primary_assembly.chr22.fa
2025-02-18 17:39:22 DEBUG:busco.analysis.BuscoAnalysis	Check all required tools are accessible...
2025-02-18 17:39:22 DEBUG:busco.analysis.BuscoAnalysis	Checking dataset for HMM profiles
2025-02-18 17:39:22 INFO:busco.analysis.BuscoAnalysis	Running BUSCO using lineage dataset eutheria_odb10 (eukaryota, 2024-01-08)
2025-02-18 17:39:22 INFO:busco.busco_tools.Toolset	Running 1 job(s) on bbtools, starting at 02/18/2025 17:39:22
2025-02-18 17:39:23 DEBUG:busco.busco_tools.Toolset	cmd call: stats.sh format=2 in=/home/pabloati/Documents/oscars/pipeline/test/data/GRCh38.primary_assembly.chr22.fa n=10
2025-02-18 17:39:23 INFO:busco.busco_tools.Toolset	[bbtools]	1 of 1 task(s) completed
2025-02-18 17:39:23 DEBUG:busco.busco_tools.base	Tool: makeblastdb
2025-02-18 17:39:23 DEBUG:busco.busco_tools.base	Version: 2.16.0+
2025-02-18 17:39:23 INFO:busco.busco_tools.Toolset	Running 1 job(s) on makeblastdb, starting at 02/18/2025 17:39:23
2025-02-18 17:39:24 INFO:busco.busco_tools.blast	Creating BLAST database with input file
2025-02-18 17:39:24 DEBUG:busco.busco_tools.Toolset	cmd call: makeblastdb -in /home/pabloati/Documents/oscars/pipeline/test/data/GRCh38.primary_assembly.chr22.fa -dbtype nucl -out evidence_annot/ab_initio/busco/blast_db/GRCh38.primary_assembly.chr22.fa
2025-02-18 17:39:25 INFO:busco.busco_tools.Toolset	[makeblastdb]	1 of 1 task(s) completed
2025-02-18 17:39:25 INFO:busco.busco_tools.blast	Running a BLAST search for BUSCOs against created database
2025-02-18 17:39:25 DEBUG:busco.busco_tools.base	Tool: tblastn
2025-02-18 17:39:25 DEBUG:busco.busco_tools.base	Version: 2.16.0+
2025-02-18 17:39:25 INFO:busco.busco_tools.Toolset	Running 1 job(s) on tblastn, starting at 02/18/2025 17:39:25
2025-02-18 17:39:25 DEBUG:busco.busco_tools.Toolset	cmd call: tblastn -evalue 0.001 -num_threads 5 -query /home/pabloati/Documents/oscars/pipeline/test/busco_downloads/lineages/eutheria_odb10/ancestral -db evidence_annot/ab_initio/busco/blast_db/GRCh38.primary_assembly.chr22.fa -out evidence_annot/ab_initio/busco/run_eutheria_odb10/blast_output/tblastn.tsv -outfmt 7
