A	C	G	T	N	IUPAC	Other	GC	GC_stdev
0.2651	0.2339	0.2361	0.2648	0.2294	0.0000	0.0000	0.4700	0.0000

Main genome scaffold total:         	1
Main genome contig total:           	43
Main genome scaffold sequence total:	50818468
Main genome contig sequence total:  	39159777  	22.942% gap
Main genome scaffold N/L50:         	1/50818468
Main genome contig N/L50:           	1/31264301
Main genome scaffold N/L90:         	1/50818468
Main genome contig N/L90:           	4/1125354
Max scaffold length:                	50818468
Max contig length:                  	31264301
Number of scaffolds > 50 KB:        	1
% main genome in scaffolds > 50 KB: 	100.00%


Minimum 	Number        	Number        	Total         	Total         	Scaffold
Scaffold	of            	of            	Scaffold      	Contig        	Contig  
Length  	Scaffolds     	Contigs       	Length        	Length        	Coverage
--------	--------------	--------------	--------------	--------------	--------
    All 	             1	            43	      50818468	      39159777	  77.06%
  25000 	             1	            43	      50818468	      39159777	  77.06%
  50000 	             1	            43	      50818468	      39159777	  77.06%
 100000 	             1	            43	      50818468	      39159777	  77.06%
 250000 	             1	            43	      50818468	      39159777	  77.06%
 500000 	             1	            43	      50818468	      39159777	  77.06%
1000000 	             1	            43	      50818468	      39159777	  77.06%
2500000 	             1	            43	      50818468	      39159777	  77.06%
5000000 	             1	            43	      50818468	      39159777	  77.06%
10000000 	             1	            43	      50818468	      39159777	  77.06%
25000000 	             1	            43	      50818468	      39159777	  77.06%
50000000 	             1	            43	      50818468	      39159777	  77.06%

