2025-02-18 17:48:43 INFO:	***** Start a BUSCO v5.8.2 analysis, current time: 02/18/2025 17:48:43 *****
2025-02-18 17:48:43 INFO:	Configuring BUSCO with local environment
2025-02-18 17:48:43 INFO:	Running genome mode
2025-02-18 17:48:43 INFO:	Downloading information on latest versions of BUSCO data...
2025-02-18 17:48:45 INFO:	Input file is /home/pabloati/Documents/oscars/pipeline/test/data/GRCh38.primary_assembly.chr22.fa
2025-02-18 17:48:46 INFO:	Running BUSCO using lineage dataset eutheria_odb10 (eukaryota, 2024-01-08)
2025-02-18 17:48:46 INFO:	Running 1 job(s) on bbtools, starting at 02/18/2025 17:48:46
2025-02-18 17:48:47 INFO:	[bbtools]	1 of 1 task(s) completed
2025-02-18 17:48:47 INFO:	Running 1 job(s) on makeblastdb, starting at 02/18/2025 17:48:47
2025-02-18 17:48:47 INFO:	Creating BLAST database with input file
2025-02-18 17:48:48 INFO:	[makeblastdb]	1 of 1 task(s) completed
2025-02-18 17:48:48 INFO:	Running a BLAST search for BUSCOs against created database
2025-02-18 17:48:48 INFO:	Running 1 job(s) on tblastn, starting at 02/18/2025 17:48:48
2025-02-18 19:00:52 INFO:	[tblastn]	1 of 1 task(s) completed
2025-02-18 19:00:53 INFO:	Running Augustus gene predictor on BLAST search results.
2025-02-18 19:00:53 INFO:	Running Augustus prediction using human as species:
2025-02-18 19:00:53 INFO:	Running 2238 job(s) on augustus, starting at 02/18/2025 19:00:53
2025-02-18 19:16:36 INFO:	[augustus]	224 of 2238 task(s) completed
2025-02-18 19:20:30 INFO:	[augustus]	448 of 2238 task(s) completed
2025-02-18 19:23:51 INFO:	[augustus]	672 of 2238 task(s) completed
2025-02-18 19:26:30 INFO:	[augustus]	896 of 2238 task(s) completed
2025-02-18 19:28:51 INFO:	[augustus]	1120 of 2238 task(s) completed
2025-02-18 19:31:32 INFO:	[augustus]	1343 of 2238 task(s) completed
2025-02-18 19:34:05 INFO:	[augustus]	1567 of 2238 task(s) completed
2025-02-18 19:36:31 INFO:	[augustus]	1791 of 2238 task(s) completed
2025-02-18 19:39:06 INFO:	[augustus]	2015 of 2238 task(s) completed
2025-02-18 19:54:19 INFO:	[augustus]	2238 of 2238 task(s) completed
2025-02-18 19:54:19 INFO:	Extracting predicted proteins...
2025-02-18 19:54:20 INFO:	***** Run HMMER on gene sequences *****
2025-02-18 19:54:30 INFO:	Running 2083 job(s) on hmmsearch, starting at 02/18/2025 19:54:30
2025-02-18 19:54:41 INFO:	[hmmsearch]	209 of 2083 task(s) completed
2025-02-18 19:54:42 INFO:	[hmmsearch]	417 of 2083 task(s) completed
2025-02-18 19:54:43 INFO:	[hmmsearch]	625 of 2083 task(s) completed
2025-02-18 19:54:44 INFO:	[hmmsearch]	834 of 2083 task(s) completed
2025-02-18 19:54:46 INFO:	[hmmsearch]	1042 of 2083 task(s) completed
2025-02-18 19:54:47 INFO:	[hmmsearch]	1250 of 2083 task(s) completed
2025-02-18 19:54:49 INFO:	[hmmsearch]	1459 of 2083 task(s) completed
2025-02-18 19:54:50 INFO:	[hmmsearch]	1667 of 2083 task(s) completed
2025-02-18 19:54:52 INFO:	[hmmsearch]	1875 of 2083 task(s) completed
2025-02-18 19:54:53 INFO:	[hmmsearch]	2083 of 2083 task(s) completed
2025-02-18 19:54:54 INFO:	0 exons in total
2025-02-18 19:54:54 INFO:	Starting second step of analysis. The gene predictor Augustus is retrained using the results from the initial run to yield more accurate results.
2025-02-18 19:54:54 INFO:	Extracting missing and fragmented buscos from the file ancestral_variants...
2025-02-18 19:56:01 INFO:	Running a BLAST search for BUSCOs against created database
2025-02-18 19:56:01 INFO:	Running 1 job(s) on tblastn, starting at 02/18/2025 19:56:01
